#-----------------------------------------------------------
# PlanAhead v14.7 (64-bit)
# Build 321239 by xbuild on Fri Sep 27 19:29:51 MDT 2013
# Start of session at: Tue Sep 13 07:46:30 2016
# Process ID: 8132
# Log file: C:/A_REPOSITORIO/investigacion/Reconfiguracion_Dinamica/tools/planAhead/top_dinamico/planAhead.log
# Journal file: C:/A_REPOSITORIO/investigacion/Reconfiguracion_Dinamica/tools/planAhead/top_dinamico\planAhead.jou
#-----------------------------------------------------------
INFO: [Common 17-78] Attempting to get a license: PlanAhead
INFO: [Common 17-290] Got license for PlanAhead
INFO: [Device 21-36] Loading parts and site information from C:/Xilinx/14.7/ISE_DS/PlanAhead/data/parts/arch.xml
Parsing RTL primitives file [C:/Xilinx/14.7/ISE_DS/PlanAhead/data/parts/xilinx/rtl/prims/rtl_prims.xml]
Finished parsing RTL primitives file [C:/Xilinx/14.7/ISE_DS/PlanAhead/data/parts/xilinx/rtl/prims/rtl_prims.xml]
start_gui
INFO: [Common 17-81] Feature available: PartialReconfiguration
open_project {C:\A_REPOSITORIO\investigacion\Reconfiguracion_Dinamica\tools\planAhead\top_dinamico\top_dinamico.ppr}
Scanning sources...
Finished scanning sources
Qt: Untested Windows version 6.2 detected!
reset_run config_1 -prev_step 
launch_runs config_1 -to_step Bitgen
[Tue Sep 13 07:46:50 2016] Launched config_1...
Run output will be captured here: C:/A_REPOSITORIO/investigacion/Reconfiguracion_Dinamica/tools/planAhead/top_dinamico/top_dinamico.runs/config_1/runme.log
reset_run config_1 -prev_step 
set_property steps.bitgen.args.b true [get_runs config_1]
launch_runs config_1 -to_step Bitgen
[Tue Sep 13 07:47:55 2016] Launched config_1...
Run output will be captured here: C:/A_REPOSITORIO/investigacion/Reconfiguracion_Dinamica/tools/planAhead/top_dinamico/top_dinamico.runs/config_1/runme.log
reset_run config_1 -prev_step 
launch_runs config_1 -to_step Bitgen
[Tue Sep 13 08:59:08 2016] Launched config_1...
Run output will be captured here: C:/A_REPOSITORIO/investigacion/Reconfiguracion_Dinamica/tools/planAhead/top_dinamico/top_dinamico.runs/config_1/runme.log
reset_run config_1 -prev_step 
exit
INFO: [Common 17-206] Exiting PlanAhead at Tue Sep 13 09:50:19 2016...
INFO: [Common 17-83] Releasing license: PlanAhead
