#-----------------------------------------------------------
# PlanAhead v14.7 (64-bit)
# Build 321239 by xbuild on Fri Sep 27 19:29:51 MDT 2013
# Start of session at: Thu Sep 15 09:35:52 2016
# Process ID: 9960
# Log file: C:/A_REPOSITORIO/investigacion/Reconfiguracion_Dinamica/tools/planAhead/top_dinamico/planAhead.log
# Journal file: C:/A_REPOSITORIO/investigacion/Reconfiguracion_Dinamica/tools/planAhead/top_dinamico\planAhead.jou
#-----------------------------------------------------------
INFO: [Common 17-78] Attempting to get a license: PlanAhead
INFO: [Common 17-290] Got license for PlanAhead
INFO: [Device 21-36] Loading parts and site information from C:/Xilinx/14.7/ISE_DS/PlanAhead/data/parts/arch.xml
Parsing RTL primitives file [C:/Xilinx/14.7/ISE_DS/PlanAhead/data/parts/xilinx/rtl/prims/rtl_prims.xml]
Finished parsing RTL primitives file [C:/Xilinx/14.7/ISE_DS/PlanAhead/data/parts/xilinx/rtl/prims/rtl_prims.xml]
start_gui
INFO: [Common 17-81] Feature available: PartialReconfiguration
open_project {C:\A_REPOSITORIO\investigacion\Reconfiguracion_Dinamica\tools\planAhead\top_dinamico\top_dinamico.ppr}
Scanning sources...
Finished scanning sources
Qt: Untested Windows version 6.2 detected!
exit
INFO: [Common 17-206] Exiting PlanAhead at Thu Sep 15 09:37:41 2016...
INFO: [Common 17-83] Releasing license: PlanAhead
