Release 14.7 Map P.20131013 (nt64)
Xilinx Mapping Report File for Design 'top'

Design Information
------------------
Command Line   : map -intstyle pa -w config_1.ngd 
Target Device  : xc6vlx240t
Target Package : ff1156
Target Speed   : -1
Mapper Version : virtex6 -- $Revision: 1.55 $
Mapped Date    : Wed Sep 07 17:42:22 2016

Design Summary
--------------
Number of errors:      0
Number of warnings:    0
Slice Logic Utilization:
  Number of Slice Registers:                    56 out of 301,440    1%
    Number used as Flip Flops:                  56
    Number used as Latches:                      0
    Number used as Latch-thrus:                  0
    Number used as AND/OR logics:                0
  Number of Slice LUTs:                        106 out of 150,720    1%
    Number used as logic:                      106 out of 150,720    1%
      Number using O6 output only:              41
      Number using O5 output only:               2
      Number using O5 and O6:                   63
      Number used as ROM:                        0
    Number used as Memory:                       0 out of  58,400    0%
    Number used exclusively as route-thrus:      0

Slice Logic Distribution:
  Number of occupied Slices:                    41 out of  37,680    1%
  Number of LUT Flip Flop pairs used:          106
    Number with an unused Flip Flop:            63 out of     106   59%
    Number with an unused LUT:                   0 out of     106    0%
    Number of fully used LUT-FF pairs:          43 out of     106   40%
    Number of unique control sets:               4
    Number of slice register sites lost
      to control set restrictions:              24 out of 301,440    1%

  A LUT Flip Flop pair for this architecture represents one LUT paired with
  one Flip Flop within a slice.  A control set is a unique combination of
  clock, reset, set, and enable signals for a registered element.
  The Slice Logic Distribution report is not meaningful if the design is
  over-mapped for a non-slice resource or if Placement fails.
  OVERMAPPING of BRAM resources should be ignored if the design is
  over-mapped for a non-BRAM resource or if placement fails.

IO Utilization:
  Number of bonded IOBs:                         6 out of     600    1%
    Number of LOCed IOBs:                        6 out of       6  100%

Specific Feature Utilization:
  Number of RAMB36E1/FIFO36E1s:                  0 out of     416    0%
  Number of RAMB18E1/FIFO18E1s:                  0 out of     832    0%
  Number of BUFG/BUFGCTRLs:                      1 out of      32    3%
    Number used as BUFGs:                        1
    Number used as BUFGCTRLs:                    0
  Number of ILOGICE1/ISERDESE1s:                 0 out of     720    0%
  Number of OLOGICE1/OSERDESE1s:                 0 out of     720    0%
  Number of BSCANs:                              0 out of       4    0%
  Number of BUFHCEs:                             0 out of     144    0%
  Number of BUFIODQSs:                           0 out of      72    0%
  Number of BUFRs:                               0 out of      36    0%
  Number of CAPTUREs:                            0 out of       1    0%
  Number of DSP48E1s:                            0 out of     768    0%
  Number of EFUSE_USRs:                          0 out of       1    0%
  Number of FRAME_ECCs:                          0 out of       1    0%
  Number of GTXE1s:                              0 out of      20    0%
  Number of IBUFDS_GTXE1s:                       0 out of      12    0%
  Number of ICAPs:                               0 out of       2    0%
  Number of IDELAYCTRLs:                         0 out of      18    0%
  Number of IODELAYE1s:                          0 out of     720    0%
  Number of MMCM_ADVs:                           0 out of      12    0%
  Number of PCIE_2_0s:                           0 out of       2    0%
  Number of STARTUPs:                            1 out of       1  100%
  Number of SYSMONs:                             0 out of       1    0%
  Number of TEMAC_SINGLEs:                       0 out of       4    0%

Average Fanout of Non-Clock Nets:                2.97

Peak Memory Usage:  911 MB
Total REAL time to MAP completion:  54 secs 
Total CPU time to MAP completion:   53 secs 

Table of Contents
-----------------
Section 1 - Errors
Section 2 - Warnings
Section 3 - Informational
Section 4 - Removed Logic Summary
Section 5 - Removed Logic
Section 6 - IOB Properties
Section 7 - RPMs
Section 8 - Guide Report
Section 9 - Area Group and Partition Summary
Section 10 - Timing Report
Section 11 - Configuration String Information
Section 12 - Control Set Information
Section 13 - Utilization by Hierarchy

Section 1 - Errors
------------------

Section 2 - Warnings
--------------------

Section 3 - Informational
-------------------------
INFO:MapLib:562 - No environment variables are currently set.
INFO:LIT:244 - All of the single ended outputs in this design are using slew
   rate limited output drivers. The delay on speed critical single ended outputs
   can be dramatically reduced by designating them as fast outputs.
INFO:Pack:1716 - Initializing temperature to 85.000 Celsius. (default - Range:
   0.000 to 85.000 Celsius)
INFO:Pack:1720 - Initializing voltage to 0.950 Volts. (default - Range: 0.950 to
   1.050 Volts)
INFO:Map:215 - The Interim Design Summary has been generated in the MAP Report
   (.mrp).
INFO:Pack:1650 - Map created a placed design.

Section 4 - Removed Logic Summary
---------------------------------
   5 block(s) optimized away

Section 5 - Removed Logic
-------------------------

Optimized Block(s):
TYPE 		BLOCK
GND 		i_FSM_estatico/XST_GND
VCC 		i_FSM_estatico/XST_VCC
VCC 		i_black_box/XST_VCC
GND 		i_black_box/i_FSM_dinamico_drc_fast/XST_GND
VCC 		i_black_box/i_FSM_dinamico_drc_fast/XST_VCC

To enable printing of redundant blocks removed and signals merged, set the
detailed map report option and rerun map.

Section 6 - IOB Properties
--------------------------

+---------------------------------------------------------------------------------------------------------------------------------------------------------+
| IOB Name                           | Type             | Direction | IO Standard          | Diff  | Drive    | Slew | Reg (s)      | Resistor | IOB      |
|                                    |                  |           |                      | Term  | Strength | Rate |              |          | Delay    |
+---------------------------------------------------------------------------------------------------------------------------------------------------------+
| GPIO_LED_E                         | IOB              | OUTPUT    | LVCMOS25             |       | 12       | SLOW |              |          |          |
| GPIO_LED_N                         | IOB              | OUTPUT    | LVCMOS25             |       | 12       | SLOW |              |          |          |
| GPIO_LED_W                         | IOB              | OUTPUT    | LVCMOS25             |       | 12       | SLOW |              |          |          |
| clk                                | IOB              | INPUT     | LVCMOS25             |       |          |      |              |          |          |
| rst                                | IOB              | INPUT     | LVCMOS25             |       |          |      |              | PULLDOWN |          |
| start                              | IOB              | INPUT     | LVCMOS25             |       |          |      |              | PULLDOWN |          |
+---------------------------------------------------------------------------------------------------------------------------------------------------------+

Section 7 - RPMs
----------------

Section 8 - Guide Report
------------------------
Guide not run on this design.

Section 9 - Area Group and Partition Summary
--------------------------------------------

Partition Implementation Status
-------------------------------

  Preserved Partitions:


  Implemented Partitions:

    Partition "/top":
Attribute STATE set to IMPLEMENT.

    Partition "/top/i_black_box" (Reconfigurable Module "dinamico_rapido"):
Attribute STATE set to IMPLEMENT.

-------------------------------

Partition Resource Summary:
---------------------------
Resources are reported for each Partition followed in parenthesis by resources
for the Partition plus all of its descendents.

Partition "/top":
  State=implement
  Slice Logic Utilization:
    Number of Slice Registers:              28 (56)
    Number of Slice LUTs:                   47 (106)
      Number used as logic:                 47 (106)
  Slice Logic Distribution:
    Number of occupied Slices:              20 (41)
    Number of LUT Flip Flop pairs used:     47 (106)
      Number with an unused Flip Flop:      32 out of     47   68%
      Number with an unused LUT:             0 out of     47    0%
      Number of fully used LUT-FF pairs:    15 out of     47   31%
  IO Utilization:
    Number of bonded IOBs:                   6 (6)
  Number of BUFG/BUFGCTRLs:                  1 (1)
    Number using BUFGs:                      1
    Number using BUFGCTRLs:                  0
  Number of STARTUP:                         1 (1)

Partition "/top/i_black_box" (Reconfigurable Module "dinamico_rapido") (Area Group "pblock_i_black_box"):
  State=implement
  Slice Logic Utilization:
    Number of Slice Registers:              28 (28)
    Number of Slice LUTs:                   59 (59)
      Number used as logic:                 59 (59)
  Slice Logic Distribution:
    Number of occupied Slices:              21 (21)
    Number of LUT Flip Flop pairs used:     59 (59)
      Number with an unused Flip Flop:      31 out of     59   52%
      Number with an unused LUT:             0 out of     59    0%
      Number of fully used LUT-FF pairs:    28 out of     59   47%


Area Group Information
----------------------

Area Group "pblock_i_black_box"
  No COMPRESSION specified for Area Group "pblock_i_black_box"
  RANGE: DSP48_X4Y2:DSP48_X4Y3
  RANGE: SLICE_X100Y1:SLICE_X105Y11
  Slice Logic Utilization:
    Number of Slice Registers:              28 out of    528    5%
    Number of Slice LUTs:                   59 out of    264   22%
      Number used as logic:                 59
  Slice Logic Distribution:
    Number of occupied Slices:              21 out of     66   31%
    Number of LUT Flip Flop pairs used:     59
      Number with an unused Flip Flop:      31 out of     59   52%
      Number with an unused LUT:             0 out of     59    0%
      Number of fully used LUT-FF pairs:    28 out of     59   47%


Section 10 - Timing Report
--------------------------
A logic-level (pre-route) timing report can be generated by using Xilinx static
timing analysis tools, Timing Analyzer (GUI) or TRCE (command line), with the
mapped NCD and PCF files. Please note that this timing report will be generated
using estimated delay information. For accurate numbers, please generate a
timing report with the post Place and Route NCD file.

For more information about the Timing Analyzer, consult the Xilinx Timing
Analyzer Reference Manual; for more information about TRCE, consult the Xilinx
Command Line Tools User Guide "TRACE" chapter.

Section 11 - Configuration String Details
-----------------------------------------
Use the "-detail" map option to print out Configuration Strings

Section 12 - Control Set Information
------------------------------------
Use the "-detail" map option to print out Control Set Information.

Section 13 - Utilization by Hierarchy
-------------------------------------
Use the "-detail" map option to print out the Utilization by Hierarchy section.
